<?xml version="1.0" encoding="UTF-8"?>
<!-- Generated by org.testng.reporters.JUnitXMLReporter -->
<testsuite ignored="0" hostname="DESKTOP-FCN2S2B" failures="0" tests="3" name="SubmitOrderTest" time="76.053" errors="0" timestamp="2025-09-21T02:24:31 IST">
  <testcase classname="SeleniumFramework.tests.SubmitOrderTestDataProviderArrayAndHashMap" name="submitOrder" time="30.154"/>
  <testcase classname="SeleniumFramework.tests.SubmitOrderTestDataProviderArrayAndHashMap" name="submitOrder" time="8.822"/>
  <testcase classname="SeleniumFramework.tests.SubmitOrderTestDataProviderArrayAndHashMap" name="orderHistoryTest" time="2.718"/>
</testsuite> <!-- SubmitOrderTest -->
