<?xml version="1.0" encoding="UTF-8"?>
<!-- Generated by org.testng.reporters.JUnitXMLReporter -->
<testsuite ignored="1" hostname="DESKTOP-FCN2S2B" failures="0" tests="1" name="ErrorValidations" time="25.026" errors="0" timestamp="2025-09-23T20:28:33 IST">
  <testcase classname="SeleniumFramework.tests.ErrorValidations" name="LoginErrorValidation" time="2.234"/>
  <testcase classname="SeleniumFramework.tests.ErrorValidations" name="ProductErrorValidation" time="0.0">
    <ignored/>
  </testcase> <!-- ProductErrorValidation -->
</testsuite> <!-- ErrorValidations -->
