<?xml version="1.0" encoding="UTF-8"?>
<!-- Generated by org.testng.reporters.JUnitXMLReporter -->
<testsuite ignored="2" hostname="DESKTOP-FCN2S2B" failures="0" tests="0" time="0.05" errors="0" timestamp="2025-09-23T20:28:08 IST">
  <testcase classname="SeleniumFramework.tests.SubmitOrderTest2" name="orderHistoryTest" time="0.0">
    <ignored/>
  </testcase> <!-- orderHistoryTest -->
  <testcase classname="SeleniumFramework.tests.SubmitOrderTest2" name="submitOrder" time="0.0">
    <ignored/>
  </testcase> <!-- submitOrder -->
</testsuite>
